digraph path {
	node [label="\N"];
	graph [bb="0,0,102.91,1448"];
	0 [pos="49.911,1429", width="0.75", height="0.52778"];
	2 [pos="49.911,1241", width="0.75", height="0.52778"];
	6 [pos="49.911,865", width="0.75", height="0.52778"];
	14 [pos="49.911,113", width="0.75", height="0.52778"];
	13 [pos="49.911,207", width="0.75", height="0.52778"];
	15 [pos="49.911,19", width="0.75", height="0.52778"];
	12 [pos="49.911,301", width="0.75", height="0.52778"];
	11 [pos="49.911,395", width="0.75", height="0.52778"];
	10 [pos="49.911,489", width="0.75", height="0.52778"];
	9 [pos="49.911,583", width="0.75", height="0.52778"];
	8 [pos="49.911,677", width="0.75", height="0.52778"];
	5 [pos="49.911,959", width="0.75", height="0.52778"];
	7 [pos="49.911,771", width="0.75", height="0.52778"];
	4 [pos="49.911,1053", width="0.75", height="0.52778"];
	1 [pos="49.911,1335", width="0.75", height="0.52778"];
	3 [pos="49.911,1147", width="0.75", height="0.52778"];
	7 -> 8 [label="  1.0", pos="e,27.837,688.37 27.837,759.63 18.316,753.45 8.1723,744.84 2.9114,734 -0.97048,726 -0.97048,722 2.9114,714 6.6105,706.38 12.723,699.86\
 19.336,694.51", lp="15.411,724"];
	15 -> 14 [label="  1.0", pos="e,56.578,94.413 56.578,37.587 58.353,43.404 60.024,49.899 60.911,56 62.191,64.796 62.191,67.204 60.911,76 60.495,78.86 59.907,81.806\
 59.217,84.729", lp="73.411,66"];
	14 -> 15 [label="  1.0", pos="e,30.28,32.173 30.28,99.827 22.735,93.59 14.965,85.432 10.911,76 7.4021,67.833 7.4021,64.167 10.911,56 13.571,49.81 17.832,44.169\
 22.58,39.259", lp="23.411,66"];
	14 -> 13 [label="  1.0", pos="e,49.911,187.98 49.911,132.32 49.911,145.42 49.911,162.99 49.911,177.79", lp="62.411,160"];
	13 -> 14 [label="  1.0", pos="e,34.003,128.52 34.003,191.48 28.783,185.34 23.628,177.87 20.911,170 18.011,161.6 18.011,158.4 20.911,150 22.524,145.33 24.997,140.8\
 27.833,136.6", lp="33.411,160"];
	13 -> 12 [label="  1.0", pos="e,49.911,281.98 49.911,226.32 49.911,239.42 49.911,256.99 49.911,271.79", lp="62.411,254"];
	12 -> 13 [label="  1.0", pos="e,64.472,223.13 64.472,284.87 69.059,278.77 73.544,271.49 75.911,264 78.591,255.52 78.591,252.48 75.911,244 74.58,239.79 72.578,\
235.64 70.265,231.74", lp="90.411,254"];
	12 -> 11 [label="  1.0", pos="e,49.911,375.98 49.911,320.32 49.911,333.42 49.911,350.99 49.911,365.79", lp="62.411,348"];
	11 -> 12 [label="  1.0", pos="e,64.472,317.13 64.472,378.87 69.059,372.77 73.544,365.49 75.911,358 78.591,349.52 78.591,346.48 75.911,338 74.58,333.79 72.578,\
329.64 70.265,325.74", lp="90.411,348"];
	11 -> 10 [label="  1.0", pos="e,49.911,469.98 49.911,414.32 49.911,427.42 49.911,444.99 49.911,459.79", lp="62.411,442"];
	10 -> 11 [label="  1.0", pos="e,34.003,410.52 34.003,473.48 28.783,467.34 23.628,459.87 20.911,452 18.011,443.6 18.011,440.4 20.911,432 22.524,427.33 24.997,422.8\
 27.833,418.6", lp="33.411,442"];
	10 -> 9 [label="  1.0", pos="e,49.911,563.98 49.911,508.32 49.911,521.42 49.911,538.99 49.911,553.79", lp="62.411,536"];
	9 -> 10 [label="  1.0", pos="e,34.003,504.52 34.003,567.48 28.783,561.34 23.628,553.87 20.911,546 18.011,537.6 18.011,534.4 20.911,526 22.524,521.33 24.997,516.8\
 27.833,512.6", lp="33.411,536"];
	9 -> 8 [label="  1.0", pos="e,49.911,657.98 49.911,602.32 49.911,615.42 49.911,632.99 49.911,647.79", lp="62.411,630"];
	8 -> 9 [label="  1.0", pos="e,34.003,598.52 34.003,661.48 28.783,655.34 23.628,647.87 20.911,640 18.011,631.6 18.011,628.4 20.911,620 22.524,615.33 24.997,610.8\
 27.833,606.6", lp="33.411,630"];
	7 -> 6 [label="  1.0", pos="e,56.578,846.41 56.578,789.59 58.353,795.4 60.024,801.9 60.911,808 62.191,816.8 62.191,819.2 60.911,828 60.495,830.86 59.907,833.81\
 59.217,836.73", lp="73.411,818"];
	8 -> 7 [label="  1.0", pos="e,49.911,751.98 49.911,696.32 49.911,709.42 49.911,726.99 49.911,741.79", lp="62.411,724"];
	6 -> 7 [label="  1.0", pos="e,30.28,784.17 30.28,851.83 22.735,845.59 14.965,837.43 10.911,828 7.4021,819.83 7.4021,816.17 10.911,808 13.571,801.81 17.832,796.17\
 22.58,791.26", lp="23.411,818"];
	6 -> 5 [label="  1.0", pos="e,49.911,939.98 49.911,884.32 49.911,897.42 49.911,914.99 49.911,929.79", lp="62.411,912"];
	5 -> 6 [label="  1.0", pos="e,34.003,880.52 34.003,943.48 28.783,937.34 23.628,929.87 20.911,922 18.011,913.6 18.011,910.4 20.911,902 22.524,897.33 24.997,892.8\
 27.833,888.6", lp="33.411,912"];
	5 -> 4 [label="  1.0", pos="e,49.911,1034 49.911,978.32 49.911,991.42 49.911,1009 49.911,1023.8", lp="62.411,1006"];
	4 -> 5 [label="  1.0", pos="e,34.003,974.52 34.003,1037.5 28.783,1031.3 23.628,1023.9 20.911,1016 18.011,1007.6 18.011,1004.4 20.911,996 22.524,991.33 24.997\
,986.8 27.833,982.6", lp="33.411,1006"];
	4 -> 3 [label="  1.0", pos="e,49.911,1128 49.911,1072.3 49.911,1085.4 49.911,1103 49.911,1117.8", lp="62.411,1100"];
	3 -> 4 [label="  1.0", pos="e,34.003,1068.5 34.003,1131.5 28.783,1125.3 23.628,1117.9 20.911,1110 18.011,1101.6 18.011,1098.4 20.911,1090 22.524,1085.3 24.997\
,1080.8 27.833,1076.6", lp="33.411,1100"];
	3 -> 2 [label="  1.0", pos="e,56.578,1222.4 56.578,1165.6 58.353,1171.4 60.024,1177.9 60.911,1184 62.191,1192.8 62.191,1195.2 60.911,1204 60.495,1206.9 59.907\
,1209.8 59.217,1212.7", lp="73.411,1194"];
	2 -> 3 [label="  1.0", pos="e,30.28,1160.2 30.28,1227.8 22.735,1221.6 14.965,1213.4 10.911,1204 7.4021,1195.8 7.4021,1192.2 10.911,1184 13.571,1177.8 17.832\
,1172.2 22.58,1167.3", lp="23.411,1194"];
	2 -> 1 [label=" 10.0", pos="e,49.911,1316 49.911,1260.3 49.911,1273.4 49.911,1291 49.911,1305.8", lp="63.911,1288"];
	1 -> 2 [label=" 10.0", pos="e,32.725,1255.9 32.725,1320.1 26.853,1313.9 20.994,1306.3 17.911,1298 14.809,1289.7 14.809,1286.3 17.911,1278 19.79,1273 22.7,1268.1\
 26.015,1263.8", lp="31.911,1288"];
	1 -> 0 [label="  1.0", pos="e,49.911,1410 49.911,1354.3 49.911,1367.4 49.911,1385 49.911,1399.8", lp="62.411,1382"];
	0 -> 1 [label="  1.0", pos="e,34.003,1350.5 34.003,1413.5 28.783,1407.3 23.628,1399.9 20.911,1392 18.011,1383.6 18.011,1380.4 20.911,1372 22.524,1367.3 24.997\
,1362.8 27.833,1358.6", lp="33.411,1382"];
	1 -> 0 [color=blue, pos="e,64.472,1412.9 64.472,1351.1 69.059,1357.2 73.544,1364.5 75.911,1372 78.591,1380.5 78.591,1383.5 75.911,1392 74.58,1396.2 72.578\
,1400.4 70.265,1404.3"];
	1 -> 2 [color=blue, pos="e,65.82,1256.5 65.82,1319.5 71.039,1313.3 76.195,1305.9 78.911,1298 81.812,1289.6 81.812,1286.4 78.911,1278 77.299,1273.3 74.826\
,1268.8 71.99,1264.6"];
	2 -> 3 [color=blue, pos="e,49.911,1166.3 49.911,1222 49.911,1208.9 49.911,1191.4 49.911,1176.5"];
	3 -> 4 [color=blue, pos="e,64.472,1069.1 64.472,1130.9 69.059,1124.8 73.544,1117.5 75.911,1110 78.591,1101.5 78.591,1098.5 75.911,1090 74.58,1085.8 72.578\
,1081.6 70.265,1077.7"];
	4 -> 5 [color=blue, pos="e,64.472,975.13 64.472,1036.9 69.059,1030.8 73.544,1023.5 75.911,1016 78.591,1007.5 78.591,1004.5 75.911,996 74.58,991.79 72.578\
,987.64 70.265,983.74"];
	5 -> 6 [color=blue, pos="e,64.472,881.13 64.472,942.87 69.059,936.77 73.544,929.49 75.911,922 78.591,913.52 78.591,910.48 75.911,902 74.58,897.79 72.578,\
893.64 70.265,889.74"];
	6 -> 7 [color=blue, pos="e,49.911,790.32 49.911,845.98 49.911,832.94 49.911,815.39 49.911,800.54"];
	7 -> 8 [color=blue, pos="e,64.472,693.13 64.472,754.87 69.059,748.77 73.544,741.49 75.911,734 78.591,725.52 78.591,722.48 75.911,714 74.58,709.79 72.578,\
705.64 70.265,701.74"];
	8 -> 9 [color=blue, pos="e,64.472,599.13 64.472,660.87 69.059,654.77 73.544,647.49 75.911,640 78.591,631.52 78.591,628.48 75.911,620 74.58,615.79 72.578,\
611.64 70.265,607.74"];
	9 -> 10 [color=blue, pos="e,64.472,505.13 64.472,566.87 69.059,560.77 73.544,553.49 75.911,546 78.591,537.52 78.591,534.48 75.911,526 74.58,521.79 72.578,\
517.64 70.265,513.74"];
	10 -> 11 [color=blue, pos="e,64.472,411.13 64.472,472.87 69.059,466.77 73.544,459.49 75.911,452 78.591,443.52 78.591,440.48 75.911,432 74.58,427.79 72.578,\
423.64 70.265,419.74"];
	11 -> 12 [color=blue, pos="e,47.442,320.17 47.442,375.83 46.812,370.1 46.224,363.81 45.911,358 45.433,349.12 45.433,346.88 45.911,338 46.048,335.46 46.238,\
332.83 46.46,330.19"];
	12 -> 13 [color=blue, pos="e,47.442,226.17 47.442,281.83 46.812,276.1 46.224,269.81 45.911,264 45.433,255.12 45.433,252.88 45.911,244 46.048,241.46 46.238,\
238.83 46.46,236.19"];
	13 -> 14 [color=blue, pos="e,64.472,129.13 64.472,190.87 69.059,184.77 73.544,177.49 75.911,170 78.591,161.52 78.591,158.48 75.911,150 74.58,145.79 72.578,\
141.64 70.265,137.74"];
	14 -> 15 [color=blue, pos="e,49.911,38.317 49.911,93.978 49.911,80.941 49.911,63.388 49.911,48.544"];
}
