digraph tree {
	node [label="\N"];
	graph [bb="0,0,276.08,320"];
	0 [pos="56.082,301", width="0.75", height="0.52778"];
	2 [pos="65.082,19", width="0.75", height="0.52778"];
	4 [pos="228.08,19", width="0.75", height="0.52778"];
	1 [pos="56.082,207", width="0.75", height="0.52778"];
	3 [pos="122.08,113", width="0.75", height="0.52778"];
	1 -> 0 [label="  1.0", pos="e,42.939,284.26 42.939,223.74 38.965,229.78 35.117,236.87 33.082,244 30.642,252.55 30.642,255.45 33.082,264 34.195,267.9 35.85,271.79\
 37.771,275.5", lp="45.582,254"];
	4 -> 3 [label="  1.0", pos="e,147.92,107.26 224.68,37.953 221.63,50.13 216.04,65.565 206.08,76 193.14,89.555 174.37,98.464 157.85,104.14", lp="230.58,66"];
	3 -> 4 [label="  1.0", pos="e,241.3,35.783 148.71,108.9 181.79,103.2 235.3,91.775 247.08,76 253.94,66.821 251.41,55.027 246.3,44.551", lp="263.58,66"];
	3 -> 1 [label="  1.0", pos="e,79.949,198.01 123.72,132.08 123.81,143.86 122.2,158.81 115.08,170 108.82,179.84 98.904,187.52 88.971,193.27", lp="134.58,160"];
	1 -> 3 [label="  1.0", pos="e,105.24,128.31 64.029,188.76 69.47,177.17 77.277,162.13 86.082,150 89.659,145.08 93.871,140.16 98.129,135.6", lp="98.582,160"];
	3 -> 2 [label="  1.0", pos="e,90.424,25.652 131.58,95.195 136.49,83.359 140.14,67.869 133.08,56 125.75,43.663 112.7,35.18 99.986,29.483", lp="148.58,66"];
	2 -> 3 [label="  1.0", pos="e,111.36,95.319 75.756,36.601 84.261,50.628 96.306,70.492 105.98,86.449", lp="110.58,66"];
	2 -> 1 [label=" 10.0", pos="e,56.414,188 62.902,38.083 61.269,53.223 59.141,74.936 58.082,94 56.703,118.85 57.523,125.11 57.082,150 56.923,159.01 56.751,168.81\
 56.595,177.71", lp="72.082,113"];
	0 -> 1 [label="  1.0", pos="e,32.924,216.82 32.924,291.18 21.746,285.11 9.4126,276.14 3.0825,264 -1.0275,256.12 -1.0275,251.88 3.0825,244 7.7806,234.99 15.786\
,227.73 24.171,222.1", lp="15.582,254"];
	1 -> 2 [label=" 10.0", pos="e,52.755,36.175 45.519,189.45 33.507,167.29 16.596,127.95 25.082,94 29.457,76.502 38.773,58.616 47.314,44.701", lp="39.082,113"];
	1 -> 0 [color=blue, pos="e,48.721,282.56 48.721,225.44 48.606,231.36 48.919,237.96 49.082,244 49.322,252.89 49.322,255.11 49.082,264 49.009,266.74 48.904\
,269.59 48.822,272.44"];
	1 -> 3 [color=blue, pos="e,99.973,123.92 57.399,187.93 58.987,176.16 62.468,161.21 70.082,150 75.568,141.92 83.439,135.02 91.403,129.44"];
	3 -> 2 [color=blue, pos="e,63.045,38.045 100.92,100.93 93.017,94.113 84.859,85.146 79.082,76 73.6,67.32 68.99,57.115 65.849,47.756"];
	3 -> 4 [color=blue, pos="e,211.6,34.115 139.33,98.334 147.22,91.578 156.66,83.428 165.08,76 178.02,64.582 192.29,51.695 203.98,41.066"];
	1 -> 0 [color=red, pos="e,65.78,282.94 65.78,225.06 66.593,231.08 66.916,237.83 67.082,244 67.322,252.89 67.322,255.11 67.082,264 67.004,266.89 66.892,269.91\
 66.711,272.93"];
	3 -> 2 [color=red, pos="e,77.699,35.977 111.96,95.256 106.97,89.473 101.37,82.786 97.082,76 91.142,66.594 86.225,55.397 81.876,45.426"];
}
